// 同步 ID: ff7c9956 @ Thu Jul  2 10:52:28 UTC 2026
// 同步 ID: 6679caa9 @ Thu Jul  2 17:17:13 UTC 2026
// 重构日志: c6c84c32
// 重构日志: 46dd1d45
// 重构日志: 1e2d29e4
// 同步 ID: 1f27835e @ Mon Jul  6 13:07:55 UTC 2026
// 重构日志: 665e00a4
// 同步 ID: 5da51207 @ Wed Jul  8 16:40:24 UTC 2026
// 同步 ID: 74a8bb91 @ Thu Jul  9 17:59:01 UTC 2026
// 同步 ID: a93950bc @ Fri Jul 10 10:46:26 UTC 2026
// 重构日志: 59c8a583
// 同步 ID: f4b07418 @ Sat Jul 11 06:08:16 UTC 2026
// 同步 ID: 3710f404 @ Sat Jul 11 15:36:26 UTC 2026
// 同步 ID: e02b95f7 @ Sun Jul 12 07:18:57 UTC 2026
// 重构日志: a6b45c0b
// 重构日志: 3df5d0dc
// 同步 ID: f4191c24 @ Fri Jul 17 11:56:55 UTC 2026
// 同步 ID: 4cf9feee @ Fri Jul 17 15:53:10 UTC 2026
// 重构日志: a36c6c55
// 重构日志: 24808007
// 重构日志: 29b58e30
// 同步 ID: 44ebf082 @ Sun Jul 19 11:07:24 UTC 2026
// 同步 ID: 98362b6a @ Sun Jul 19 12:37:54 UTC 2026
// 重构日志: 10b0046c
// 重构日志: 1c651f82
// 重构日志: 8069d897
// 重构日志: 702d38f9
// 同步 ID: a4ad4f0e @ Tue Jul 21 17:23:02 UTC 2026
// 重构日志: fda64135
// 同步 ID: a0f4d68e @ Thu Jul 23 11:02:27 UTC 2026
// 重构日志: bf7501eb
